<html>
<head>
<title>TestNG:  Test</title>
<link href="../testng.css" rel="stylesheet" type="text/css" />
<link href="../my-testng.css" rel="stylesheet" type="text/css" />

<style type="text/css">
.log { display: none;} 
.stack-trace { display: none;} 
</style>
<script type="text/javascript">
<!--
function flip(e) {
  current = e.style.display;
  if (current == 'block') {
    e.style.display = 'none';
    return 0;
  }
  else {
    e.style.display = 'block';
    return 1;
  }
}

function toggleBox(szDivId, elem, msg1, msg2)
{
  var res = -1;  if (document.getElementById) {
    res = flip(document.getElementById(szDivId));
  }
  else if (document.all) {
    // this is the way old msie versions work
    res = flip(document.all[szDivId]);
  }
  if(elem) {
    if(res == 0) elem.innerHTML = msg1; else elem.innerHTML = msg2;
  }

}

function toggleAllBoxes() {
  if (document.getElementsByTagName) {
    d = document.getElementsByTagName('div');
    for (i = 0; i < d.length; i++) {
      if (d[i].className == 'log') {
        flip(d[i]);
      }
    }
  }
}

// -->
</script>

</head>
<body>
<h2 align='center'>Test</h2><table border='1' align="center">
<tr>
<td>Tests passed/Failed/Skipped:</td><td>23/2/1</td>
</tr><tr>
<td>Started on:</td><td>Thu Jan 12 20:29:09 IST 2023</td>
</tr>
<tr><td>Total time:</td><td>213 seconds (213221 ms)</td>
</tr><tr>
<td>Included groups:</td><td></td>
</tr><tr>
<td>Excluded groups:</td><td></td>
</tr>
</table><p/>
<small><i>(Hover the method name to see the test class name)</i></small><p/>
<table width='100%' border='1' class='invocation-failed'>
<tr><td colspan='4' align='center'><b>FAILED CONFIGURATIONS</b></td></tr>
<tr><td><b>Test method</b></td>
<td width="30%"><b>Exception</b></td>
<td width="10%"><b>Time (seconds)</b></td>
<td><b>Instance</b></td>
</tr>
<tr>
<td title='basictestng.GoogleApplicationWithBeforeAfterMethod.tearDown()'><b>tearDown</b><br>Test class: basictestng.GoogleApplicationWithBeforeAfterMethod</td>
<td><div><pre>java.lang.Error: Unresolved compilation problem: 
	The method cleanUp() is undefined for the type GoogleApplicationWithBeforeAfterMethod

	at basictestng.GoogleApplicationWithBeforeAfterMethod.tearDown(GoogleApplicationWithBeforeAfterMethod.java:37)
... Removed 28 stack frames</pre></div><a href='#' onClick='toggleBox("stack-trace172518776", this, "Click to show all stack frames", "Click to hide stack frames")'>Click to show all stack frames</a>
<div class='stack-trace' id='stack-trace172518776'><pre>java.lang.Error: Unresolved compilation problem: 
	The method cleanUp() is undefined for the type GoogleApplicationWithBeforeAfterMethod

	at basictestng.GoogleApplicationWithBeforeAfterMethod.tearDown(GoogleApplicationWithBeforeAfterMethod.java:37)
	at sun.reflect.NativeMethodAccessorImpl.invoke0(Native Method)
	at sun.reflect.NativeMethodAccessorImpl.invoke(Unknown Source)
	at sun.reflect.DelegatingMethodAccessorImpl.invoke(Unknown Source)
	at java.lang.reflect.Method.invoke(Unknown Source)
	at org.testng.internal.MethodInvocationHelper.invokeMethod(MethodInvocationHelper.java:124)
	at org.testng.internal.MethodInvocationHelper.invokeMethodConsideringTimeout(MethodInvocationHelper.java:59)
	at org.testng.internal.Invoker.invokeConfigurationMethod(Invoker.java:458)
	at org.testng.internal.Invoker.invokeConfigurations(Invoker.java:222)
	at org.testng.internal.Invoker.invokeMethod(Invoker.java:646)
	at org.testng.internal.Invoker.invokeTestMethod(Invoker.java:719)
	at org.testng.internal.Invoker.invokeTestMethods(Invoker.java:989)
	at org.testng.internal.TestMethodWorker.invokeTestMethods(TestMethodWorker.java:125)
	at org.testng.internal.TestMethodWorker.run(TestMethodWorker.java:109)
	at org.testng.TestRunner.privateRun(TestRunner.java:648)
	at org.testng.TestRunner.run(TestRunner.java:505)
	at org.testng.SuiteRunner.runTest(SuiteRunner.java:455)
	at org.testng.SuiteRunner.runSequentially(SuiteRunner.java:450)
	at org.testng.SuiteRunner.privateRun(SuiteRunner.java:415)
	at org.testng.SuiteRunner.run(SuiteRunner.java:364)
	at org.testng.SuiteRunnerWorker.runSuite(SuiteRunnerWorker.java:52)
	at org.testng.SuiteRunnerWorker.run(SuiteRunnerWorker.java:84)
	at org.testng.TestNG.runSuitesSequentially(TestNG.java:1208)
	at org.testng.TestNG.runSuitesLocally(TestNG.java:1137)
	at org.testng.TestNG.runSuites(TestNG.java:1049)
	at org.testng.TestNG.run(TestNG.java:1017)
	at org.testng.remote.AbstractRemoteTestNG.run(AbstractRemoteTestNG.java:115)
	at org.testng.remote.RemoteTestNG.initAndRun(RemoteTestNG.java:251)
	at org.testng.remote.RemoteTestNG.main(RemoteTestNG.java:77)
</pre></div></td>
<td>0</td>
<td>basictestng.GoogleApplicationWithBeforeAfterMethod@48e4374</td></tr>
<tr>
<td title='basictestng.AnnotationList.tearDown()'><b>tearDown</b><br>Test class: basictestng.AnnotationList</td>
<td><div><pre>java.lang.Error: Unresolved compilation problem: 
	The method cleanUp() is undefined for the type GoogleApplicationWithBeforeAfterTest

	at basictestng.GoogleApplicationWithBeforeAfterTest.tearDown(GoogleApplicationWithBeforeAfterTest.java:44)
... Removed 24 stack frames</pre></div><a href='#' onClick='toggleBox("stack-trace290096578", this, "Click to show all stack frames", "Click to hide stack frames")'>Click to show all stack frames</a>
<div class='stack-trace' id='stack-trace290096578'><pre>java.lang.Error: Unresolved compilation problem: 
	The method cleanUp() is undefined for the type GoogleApplicationWithBeforeAfterTest

	at basictestng.GoogleApplicationWithBeforeAfterTest.tearDown(GoogleApplicationWithBeforeAfterTest.java:44)
	at sun.reflect.NativeMethodAccessorImpl.invoke0(Native Method)
	at sun.reflect.NativeMethodAccessorImpl.invoke(Unknown Source)
	at sun.reflect.DelegatingMethodAccessorImpl.invoke(Unknown Source)
	at java.lang.reflect.Method.invoke(Unknown Source)
	at org.testng.internal.MethodInvocationHelper.invokeMethod(MethodInvocationHelper.java:124)
	at org.testng.internal.MethodInvocationHelper.invokeMethodConsideringTimeout(MethodInvocationHelper.java:59)
	at org.testng.internal.Invoker.invokeConfigurationMethod(Invoker.java:458)
	at org.testng.internal.Invoker.invokeConfigurations(Invoker.java:222)
	at org.testng.internal.Invoker.invokeConfigurations(Invoker.java:142)
	at org.testng.TestRunner.afterRun(TestRunner.java:725)
	at org.testng.TestRunner.run(TestRunner.java:509)
	at org.testng.SuiteRunner.runTest(SuiteRunner.java:455)
	at org.testng.SuiteRunner.runSequentially(SuiteRunner.java:450)
	at org.testng.SuiteRunner.privateRun(SuiteRunner.java:415)
	at org.testng.SuiteRunner.run(SuiteRunner.java:364)
	at org.testng.SuiteRunnerWorker.runSuite(SuiteRunnerWorker.java:52)
	at org.testng.SuiteRunnerWorker.run(SuiteRunnerWorker.java:84)
	at org.testng.TestNG.runSuitesSequentially(TestNG.java:1208)
	at org.testng.TestNG.runSuitesLocally(TestNG.java:1137)
	at org.testng.TestNG.runSuites(TestNG.java:1049)
	at org.testng.TestNG.run(TestNG.java:1017)
	at org.testng.remote.AbstractRemoteTestNG.run(AbstractRemoteTestNG.java:115)
	at org.testng.remote.RemoteTestNG.initAndRun(RemoteTestNG.java:251)
	at org.testng.remote.RemoteTestNG.main(RemoteTestNG.java:77)
</pre></div></td>
<td>0</td>
<td>basictestng.GoogleApplicationWithBeforeAfterTest@659a969b</td></tr>
</table><p>
<table width='100%' border='1' class='invocation-skipped'>
<tr><td colspan='4' align='center'><b>SKIPPED CONFIGURATIONS</b></td></tr>
<tr><td><b>Test method</b></td>
<td width="30%"><b>Exception</b></td>
<td width="10%"><b>Time (seconds)</b></td>
<td><b>Instance</b></td>
</tr>
<tr>
<td title='basictestng.GoogleApplicationWithBeforeAfterMethod.startUp()'><b>startUp</b><br>Test class: basictestng.GoogleApplicationWithBeforeAfterMethod</td>
<td></td>
<td>0</td>
<td>basictestng.GoogleApplicationWithBeforeAfterMethod@48e4374</td></tr>
<tr>
<td title='basictestng.GoogleApplicationWithBeforeAfterMethod.tearDown()'><b>tearDown</b><br>Test class: basictestng.GoogleApplicationWithBeforeAfterMethod</td>
<td></td>
<td>0</td>
<td>basictestng.GoogleApplicationWithBeforeAfterMethod@48e4374</td></tr>
<tr>
<td title='basictestng.AnnotationList.tearDown()'><b>tearDown</b><br>Test class: basictestng.AnnotationList</td>
<td></td>
<td>0</td>
<td>basictestng.VtigerApplicationWithBeforeAfter@1d119efb</td></tr>
</table><p>
<table width='100%' border='1' class='invocation-failed'>
<tr><td colspan='4' align='center'><b>FAILED TESTS</b></td></tr>
<tr><td><b>Test method</b></td>
<td width="30%"><b>Exception</b></td>
<td width="10%"><b>Time (seconds)</b></td>
<td><b>Instance</b></td>
</tr>
<tr>
<td title='basictestng.Actitime_ExceptionAndTimeOut.executeTimeout()'><b>executeTimeout</b><br>Test class: basictestng.Actitime_ExceptionAndTimeOut</td>
<td><div><pre>org.testng.internal.thread.ThreadTimeoutException: Method basictestng.Actitime_ExceptionAndTimeOut.executeTimeout() didn&apos;t finish within the time-out 1000
	at java.lang.Thread.sleep(Native Method)
	at basictestng.Actitime_ExceptionAndTimeOut.executeTimeout(Actitime_ExceptionAndTimeOut.java:21)
	at java.util.concurrent.Executors$RunnableAdapter.call(Unknown Source)
	at java.util.concurrent.FutureTask.run(Unknown Source)
	at java.util.concurrent.ThreadPoolExecutor.runWorker(Unknown Source)
	at java.util.concurrent.ThreadPoolExecutor$Worker.run(Unknown Source)
	at java.lang.Thread.run(Unknown Source)
... Removed 7 stack frames</pre></div><a href='#' onClick='toggleBox("stack-trace1832283291", this, "Click to show all stack frames", "Click to hide stack frames")'>Click to show all stack frames</a>
<div class='stack-trace' id='stack-trace1832283291'><pre>org.testng.internal.thread.ThreadTimeoutException: Method basictestng.Actitime_ExceptionAndTimeOut.executeTimeout() didn&apos;t finish within the time-out 1000
	at java.lang.Thread.sleep(Native Method)
	at basictestng.Actitime_ExceptionAndTimeOut.executeTimeout(Actitime_ExceptionAndTimeOut.java:21)
	at sun.reflect.NativeMethodAccessorImpl.invoke0(Native Method)
	at sun.reflect.NativeMethodAccessorImpl.invoke(Unknown Source)
	at sun.reflect.DelegatingMethodAccessorImpl.invoke(Unknown Source)
	at java.lang.reflect.Method.invoke(Unknown Source)
	at org.testng.internal.MethodInvocationHelper.invokeMethod(MethodInvocationHelper.java:124)
	at org.testng.internal.InvokeMethodRunnable.runOne(InvokeMethodRunnable.java:54)
	at org.testng.internal.InvokeMethodRunnable.run(InvokeMethodRunnable.java:44)
	at java.util.concurrent.Executors$RunnableAdapter.call(Unknown Source)
	at java.util.concurrent.FutureTask.run(Unknown Source)
	at java.util.concurrent.ThreadPoolExecutor.runWorker(Unknown Source)
	at java.util.concurrent.ThreadPoolExecutor$Worker.run(Unknown Source)
	at java.lang.Thread.run(Unknown Source)
</pre></div></td>
<td>1</td>
<td>basictestng.Actitime_ExceptionAndTimeOut@4c9f8c13</td></tr>
<tr>
<td title='basictestng.FirstTestNGWebScript.testCase1()'><b>testCase1</b><br>Test class: basictestng.FirstTestNGWebScript</td>
<td><div><pre>java.lang.Error: Unresolved compilation problem: 
	The method cleanUp() is undefined for the type SeleniumUtility

	at basictestng.FirstTestNGWebScript.testCase1(FirstTestNGWebScript.java:31)
... Removed 25 stack frames</pre></div><a href='#' onClick='toggleBox("stack-trace424732838", this, "Click to show all stack frames", "Click to hide stack frames")'>Click to show all stack frames</a>
<div class='stack-trace' id='stack-trace424732838'><pre>java.lang.Error: Unresolved compilation problem: 
	The method cleanUp() is undefined for the type SeleniumUtility

	at basictestng.FirstTestNGWebScript.testCase1(FirstTestNGWebScript.java:31)
	at sun.reflect.NativeMethodAccessorImpl.invoke0(Native Method)
	at sun.reflect.NativeMethodAccessorImpl.invoke(Unknown Source)
	at sun.reflect.DelegatingMethodAccessorImpl.invoke(Unknown Source)
	at java.lang.reflect.Method.invoke(Unknown Source)
	at org.testng.internal.MethodInvocationHelper.invokeMethod(MethodInvocationHelper.java:124)
	at org.testng.internal.Invoker.invokeMethod(Invoker.java:583)
	at org.testng.internal.Invoker.invokeTestMethod(Invoker.java:719)
	at org.testng.internal.Invoker.invokeTestMethods(Invoker.java:989)
	at org.testng.internal.TestMethodWorker.invokeTestMethods(TestMethodWorker.java:125)
	at org.testng.internal.TestMethodWorker.run(TestMethodWorker.java:109)
	at org.testng.TestRunner.privateRun(TestRunner.java:648)
	at org.testng.TestRunner.run(TestRunner.java:505)
	at org.testng.SuiteRunner.runTest(SuiteRunner.java:455)
	at org.testng.SuiteRunner.runSequentially(SuiteRunner.java:450)
	at org.testng.SuiteRunner.privateRun(SuiteRunner.java:415)
	at org.testng.SuiteRunner.run(SuiteRunner.java:364)
	at org.testng.SuiteRunnerWorker.runSuite(SuiteRunnerWorker.java:52)
	at org.testng.SuiteRunnerWorker.run(SuiteRunnerWorker.java:84)
	at org.testng.TestNG.runSuitesSequentially(TestNG.java:1208)
	at org.testng.TestNG.runSuitesLocally(TestNG.java:1137)
	at org.testng.TestNG.runSuites(TestNG.java:1049)
	at org.testng.TestNG.run(TestNG.java:1017)
	at org.testng.remote.AbstractRemoteTestNG.run(AbstractRemoteTestNG.java:115)
	at org.testng.remote.RemoteTestNG.initAndRun(RemoteTestNG.java:251)
	at org.testng.remote.RemoteTestNG.main(RemoteTestNG.java:77)
</pre></div></td>
<td>0</td>
<td>basictestng.FirstTestNGWebScript@3d680b5a</td></tr>
</table><p>
<table width='100%' border='1' class='invocation-passed'>
<tr><td colspan='4' align='center'><b>PASSED TESTS</b></td></tr>
<tr><td><b>Test method</b></td>
<td width="30%"><b>Exception</b></td>
<td width="10%"><b>Time (seconds)</b></td>
<td><b>Instance</b></td>
</tr>
<tr>
<td title='basictestng.ActiTime_Enabled.OpenBrowserAndAppUrl()'><b>OpenBrowserAndAppUrl</b><br>Test class: basictestng.ActiTime_Enabled</td>
<td></td>
<td>0</td>
<td>basictestng.ActiTime_Enabled@49b0b76</td></tr>
<tr>
<td title='basictestng.Actitime_InvocationCount.OpenBrowserAndAppUrl()'><b>OpenBrowserAndAppUrl</b><br>Test class: basictestng.Actitime_InvocationCount</td>
<td></td>
<td>0</td>
<td>basictestng.Actitime_InvocationCount@6f96c77</td></tr>
<tr>
<td title='basictestng.Actitime_InvocationCount.OpenBrowserAndAppUrl()'><b>OpenBrowserAndAppUrl</b><br>Test class: basictestng.Actitime_InvocationCount</td>
<td></td>
<td>0</td>
<td>basictestng.Actitime_InvocationCount@6f96c77</td></tr>
<tr>
<td title='basictestng.Actitime_InvocationCount.OpenBrowserAndAppUrl()'><b>OpenBrowserAndAppUrl</b><br>Test class: basictestng.Actitime_InvocationCount</td>
<td></td>
<td>0</td>
<td>basictestng.Actitime_InvocationCount@6f96c77</td></tr>
<tr>
<td title='basictestng.Actitime_InvocationCount.OpenBrowserAndAppUrl()'><b>OpenBrowserAndAppUrl</b><br>Test class: basictestng.Actitime_InvocationCount</td>
<td></td>
<td>0</td>
<td>basictestng.Actitime_InvocationCount@6f96c77</td></tr>
<tr>
<td title='basictestng.Actitime_InvocationCount.OpenBrowserAndAppUrl()'><b>OpenBrowserAndAppUrl</b><br>Test class: basictestng.Actitime_InvocationCount</td>
<td></td>
<td>0</td>
<td>basictestng.Actitime_InvocationCount@6f96c77</td></tr>
<tr>
<td title='basictestng.Actitime_TimeOut.OpenBrowserAndAppUrl()'><b>OpenBrowserAndAppUrl</b><br>Test class: basictestng.Actitime_TimeOut</td>
<td></td>
<td>0</td>
<td>basictestng.Actitime_TimeOut@be64738</td></tr>
<tr>
<td title='basictestng.Sample4.a_signUp()'><b>a_signUp</b><br>Test class: basictestng.Sample4</td>
<td></td>
<td>0</td>
<td>basictestng.Sample4@76908cc0</td></tr>
<tr>
<td title='basictestng.Sample4.b_login()'><b>b_login</b><br>Test class: basictestng.Sample4</td>
<td></td>
<td>0</td>
<td>basictestng.Sample4@76908cc0</td></tr>
<tr>
<td title='basictestng.Sample4.c_compose()'><b>c_compose</b><br>Test class: basictestng.Sample4</td>
<td></td>
<td>0</td>
<td>basictestng.Sample4@76908cc0</td></tr>
<tr>
<td title='basictestng.Sample3.compose()'><b>compose</b><br>Test class: basictestng.Sample3</td>
<td></td>
<td>0</td>
<td>basictestng.Sample3@2473d930</td></tr>
<tr>
<td title='basictestng.Actitime_ExceptionAndTimeOut.divideByZeroExample()'><b>divideByZeroExample</b><br>Test class: basictestng.Actitime_ExceptionAndTimeOut</td>
<td><div><pre>java.lang.ArithmeticException: / by zero
	at basictestng.Actitime_ExceptionAndTimeOut.divideByZeroExample(Actitime_ExceptionAndTimeOut.java:15)
... Removed 25 stack frames</pre></div><a href='#' onClick='toggleBox("stack-trace1210939243", this, "Click to show all stack frames", "Click to hide stack frames")'>Click to show all stack frames</a>
<div class='stack-trace' id='stack-trace1210939243'><pre>java.lang.ArithmeticException: / by zero
	at basictestng.Actitime_ExceptionAndTimeOut.divideByZeroExample(Actitime_ExceptionAndTimeOut.java:15)
	at sun.reflect.NativeMethodAccessorImpl.invoke0(Native Method)
	at sun.reflect.NativeMethodAccessorImpl.invoke(Unknown Source)
	at sun.reflect.DelegatingMethodAccessorImpl.invoke(Unknown Source)
	at java.lang.reflect.Method.invoke(Unknown Source)
	at org.testng.internal.MethodInvocationHelper.invokeMethod(MethodInvocationHelper.java:124)
	at org.testng.internal.Invoker.invokeMethod(Invoker.java:583)
	at org.testng.internal.Invoker.invokeTestMethod(Invoker.java:719)
	at org.testng.internal.Invoker.invokeTestMethods(Invoker.java:989)
	at org.testng.internal.TestMethodWorker.invokeTestMethods(TestMethodWorker.java:125)
	at org.testng.internal.TestMethodWorker.run(TestMethodWorker.java:109)
	at org.testng.TestRunner.privateRun(TestRunner.java:648)
	at org.testng.TestRunner.run(TestRunner.java:505)
	at org.testng.SuiteRunner.runTest(SuiteRunner.java:455)
	at org.testng.SuiteRunner.runSequentially(SuiteRunner.java:450)
	at org.testng.SuiteRunner.privateRun(SuiteRunner.java:415)
	at org.testng.SuiteRunner.run(SuiteRunner.java:364)
	at org.testng.SuiteRunnerWorker.runSuite(SuiteRunnerWorker.java:52)
	at org.testng.SuiteRunnerWorker.run(SuiteRunnerWorker.java:84)
	at org.testng.TestNG.runSuitesSequentially(TestNG.java:1208)
	at org.testng.TestNG.runSuitesLocally(TestNG.java:1137)
	at org.testng.TestNG.runSuites(TestNG.java:1049)
	at org.testng.TestNG.run(TestNG.java:1017)
	at org.testng.remote.AbstractRemoteTestNG.run(AbstractRemoteTestNG.java:115)
	at org.testng.remote.RemoteTestNG.initAndRun(RemoteTestNG.java:251)
	at org.testng.remote.RemoteTestNG.main(RemoteTestNG.java:77)
</pre></div></td>
<td>0</td>
<td>basictestng.Actitime_ExceptionAndTimeOut@4c9f8c13</td></tr>
<tr>
<td title='basictestng.AnnotationList.f05()'><b>f05</b><br>Test class: basictestng.AnnotationList</td>
<td></td>
<td>0</td>
<td>basictestng.AnnotationList@6fe7aac8</td></tr>
<tr>
<td title='basictestng.AnnotationList.f5()'><b>f5</b><br>Test class: basictestng.AnnotationList</td>
<td></td>
<td>0</td>
<td>basictestng.AnnotationList@6fe7aac8</td></tr>
<tr>
<td title='basictestng.Sample3.login()'><b>login</b><br>Test class: basictestng.Sample3</td>
<td></td>
<td>0</td>
<td>basictestng.Sample3@2473d930</td></tr>
<tr>
<td title='basictestng.Sample3.signUp()'><b>signUp</b><br>Test class: basictestng.Sample3</td>
<td></td>
<td>0</td>
<td>basictestng.Sample3@2473d930</td></tr>
<tr>
<td title='basictestng.Sample2.testCase1()'><b>testCase1</b><br>Test class: basictestng.Sample2</td>
<td></td>
<td>0</td>
<td>basictestng.Sample2@35047d03</td></tr>
<tr>
<td title='basictestng.Sample1.testCase1()'><b>testCase1</b><br>Test class: basictestng.Sample1</td>
<td></td>
<td>0</td>
<td>basictestng.Sample1@769f71a9</td></tr>
<tr>
<td title='basictestng.Example1.testCase1()'><b>testCase1</b><br>Test class: basictestng.Example1</td>
<td></td>
<td>0</td>
<td>basictestng.Example1@49d904ec</td></tr>
<tr>
<td title='basictestng.Sample2.testCase2()'><b>testCase2</b><br>Test class: basictestng.Sample2</td>
<td></td>
<td>0</td>
<td>basictestng.Sample2@35047d03</td></tr>
<tr>
<td title='basictestng.Example1.testCase2()'><b>testCase2</b><br>Test class: basictestng.Example1</td>
<td></td>
<td>0</td>
<td>basictestng.Example1@49d904ec</td></tr>
<tr>
<td title='basictestng.Sample2.testCase3()'><b>testCase3</b><br>Test class: basictestng.Sample2</td>
<td></td>
<td>0</td>
<td>basictestng.Sample2@35047d03</td></tr>
<tr>
<td title='basictestng.GoogleApplicationWithBeforeAfterMethod.testGoogleLandingPage()'><b>testGoogleLandingPage</b><br>Test class: basictestng.GoogleApplicationWithBeforeAfterMethod</td>
<td></td>
<td>0</td>
<td>basictestng.GoogleApplicationWithBeforeAfterMethod@48e4374</td></tr>
</table><p>
<table width='100%' border='1' class='invocation-skipped'>
<tr><td colspan='4' align='center'><b>SKIPPED TESTS</b></td></tr>
<tr><td><b>Test method</b></td>
<td width="30%"><b>Exception</b></td>
<td width="10%"><b>Time (seconds)</b></td>
<td><b>Instance</b></td>
</tr>
<tr>
<td title='basictestng.GoogleApplicationWithBeforeAfterMethod.testSearch()'><b>testSearch</b><br>Test class: basictestng.GoogleApplicationWithBeforeAfterMethod</td>
<td><div><pre>java.lang.Error: Unresolved compilation problem: 
	The method cleanUp() is undefined for the type GoogleApplicationWithBeforeAfterMethod

	at basictestng.GoogleApplicationWithBeforeAfterMethod.tearDown(GoogleApplicationWithBeforeAfterMethod.java:37)
... Removed 28 stack frames</pre></div><a href='#' onClick='toggleBox("stack-trace1278616846", this, "Click to show all stack frames", "Click to hide stack frames")'>Click to show all stack frames</a>
<div class='stack-trace' id='stack-trace1278616846'><pre>java.lang.Error: Unresolved compilation problem: 
	The method cleanUp() is undefined for the type GoogleApplicationWithBeforeAfterMethod

	at basictestng.GoogleApplicationWithBeforeAfterMethod.tearDown(GoogleApplicationWithBeforeAfterMethod.java:37)
	at sun.reflect.NativeMethodAccessorImpl.invoke0(Native Method)
	at sun.reflect.NativeMethodAccessorImpl.invoke(Unknown Source)
	at sun.reflect.DelegatingMethodAccessorImpl.invoke(Unknown Source)
	at java.lang.reflect.Method.invoke(Unknown Source)
	at org.testng.internal.MethodInvocationHelper.invokeMethod(MethodInvocationHelper.java:124)
	at org.testng.internal.MethodInvocationHelper.invokeMethodConsideringTimeout(MethodInvocationHelper.java:59)
	at org.testng.internal.Invoker.invokeConfigurationMethod(Invoker.java:458)
	at org.testng.internal.Invoker.invokeConfigurations(Invoker.java:222)
	at org.testng.internal.Invoker.invokeMethod(Invoker.java:646)
	at org.testng.internal.Invoker.invokeTestMethod(Invoker.java:719)
	at org.testng.internal.Invoker.invokeTestMethods(Invoker.java:989)
	at org.testng.internal.TestMethodWorker.invokeTestMethods(TestMethodWorker.java:125)
	at org.testng.internal.TestMethodWorker.run(TestMethodWorker.java:109)
	at org.testng.TestRunner.privateRun(TestRunner.java:648)
	at org.testng.TestRunner.run(TestRunner.java:505)
	at org.testng.SuiteRunner.runTest(SuiteRunner.java:455)
	at org.testng.SuiteRunner.runSequentially(SuiteRunner.java:450)
	at org.testng.SuiteRunner.privateRun(SuiteRunner.java:415)
	at org.testng.SuiteRunner.run(SuiteRunner.java:364)
	at org.testng.SuiteRunnerWorker.runSuite(SuiteRunnerWorker.java:52)
	at org.testng.SuiteRunnerWorker.run(SuiteRunnerWorker.java:84)
	at org.testng.TestNG.runSuitesSequentially(TestNG.java:1208)
	at org.testng.TestNG.runSuitesLocally(TestNG.java:1137)
	at org.testng.TestNG.runSuites(TestNG.java:1049)
	at org.testng.TestNG.run(TestNG.java:1017)
	at org.testng.remote.AbstractRemoteTestNG.run(AbstractRemoteTestNG.java:115)
	at org.testng.remote.RemoteTestNG.initAndRun(RemoteTestNG.java:251)
	at org.testng.remote.RemoteTestNG.main(RemoteTestNG.java:77)
</pre></div></td>
<td>0</td>
<td>basictestng.GoogleApplicationWithBeforeAfterMethod@48e4374</td></tr>
</table><p>
</body>
</html>