<?xml version="1.0" encoding="UTF-8"?>
<!-- Generated by org.testng.reporters.JUnitXMLReporter -->
<testsuite hostname="DESKTOP-M01B47M" ignored="3" name="Test" tests="26" failures="2" timestamp="12 Jan 2023 15:02:44 GMT" time="213.221" errors="0">
  <testcase name="@AfterMethod tearDown" time="0.0" classname="basictestng.GoogleApplicationWithBeforeAfterMethod">
    <failure type="java.lang.Error" message="Unresolved compilation problem: 
	The method cleanUp() is undefined for the type GoogleApplicationWithBeforeAfterMethod
">
      <![CDATA[java.lang.Error: Unresolved compilation problem: 
The method cleanUp() is undefined for the type GoogleApplicationWithBeforeAfterMethod

at basictestng.GoogleApplicationWithBeforeAfterMethod.tearDown(GoogleApplicationWithBeforeAfterMethod.java:37)
... Removed 28 stack frames]]>
    </failure>
  </testcase> <!-- @AfterMethod tearDown -->
  <testcase name="@BeforeMethod startUp" time="0.0" classname="basictestng.GoogleApplicationWithBeforeAfterMethod">
    <skipped/>
  </testcase> <!-- @BeforeMethod startUp -->
  <testcase name="@AfterMethod tearDown" time="0.0" classname="basictestng.GoogleApplicationWithBeforeAfterMethod">
    <skipped/>
  </testcase> <!-- @AfterMethod tearDown -->
  <testcase name="@AfterTest tearDown" time="0.0" classname="basictestng.GoogleApplicationWithBeforeAfterTest">
    <failure type="java.lang.Error" message="Unresolved compilation problem: 
	The method cleanUp() is undefined for the type GoogleApplicationWithBeforeAfterTest
">
      <![CDATA[java.lang.Error: Unresolved compilation problem: 
The method cleanUp() is undefined for the type GoogleApplicationWithBeforeAfterTest

at basictestng.GoogleApplicationWithBeforeAfterTest.tearDown(GoogleApplicationWithBeforeAfterTest.java:44)
... Removed 24 stack frames]]>
    </failure>
  </testcase> <!-- @AfterTest tearDown -->
  <testcase name="@AfterTest tearDown" time="0.0" classname="basictestng.VtigerApplicationWithBeforeAfter">
    <skipped/>
  </testcase> <!-- @AfterTest tearDown -->
  <testcase name="a_signUp" time="0.25" classname="basictestng.Sample4"/>
  <testcase name="b_login" time="0.0" classname="basictestng.Sample4"/>
  <testcase name="c_compose" time="0.0" classname="basictestng.Sample4"/>
  <testcase name="compose" time="0.015" classname="basictestng.Sample3"/>
  <testcase name="login" time="0.0" classname="basictestng.Sample3"/>
  <testcase name="signUp" time="0.0" classname="basictestng.Sample3"/>
  <testcase name="testCase1" time="0.0" classname="basictestng.Sample2"/>
  <testcase name="testCase2" time="0.0" classname="basictestng.Sample2"/>
  <testcase name="testCase3" time="0.0" classname="basictestng.Sample2"/>
  <testcase name="OpenBrowserAndAppUrl" time="0.0" classname="basictestng.ActiTime_Enabled"/>
  <testcase name="testCase1" time="0.0" classname="basictestng.Sample1"/>
  <testcase name="divideByZeroExample" time="0.0" classname="basictestng.Actitime_ExceptionAndTimeOut"/>
  <testcase name="executeTimeout" time="1.192" classname="basictestng.Actitime_ExceptionAndTimeOut">
    <failure type="org.testng.internal.thread.ThreadTimeoutException" message="Method basictestng.Actitime_ExceptionAndTimeOut.executeTimeout() didn&amp;apos;t finish within the time-out 1000">
      <![CDATA[org.testng.internal.thread.ThreadTimeoutException: Method basictestng.Actitime_ExceptionAndTimeOut.executeTimeout() didn't finish within the time-out 1000
at java.lang.Thread.sleep(Native Method)
at basictestng.Actitime_ExceptionAndTimeOut.executeTimeout(Actitime_ExceptionAndTimeOut.java:21)
at java.util.concurrent.Executors$RunnableAdapter.call(Unknown Source)
at java.util.concurrent.FutureTask.run(Unknown Source)
at java.util.concurrent.ThreadPoolExecutor.runWorker(Unknown Source)
at java.util.concurrent.ThreadPoolExecutor$Worker.run(Unknown Source)
at java.lang.Thread.run(Unknown Source)
... Removed 7 stack frames]]>
    </failure>
  </testcase> <!-- executeTimeout -->
  <testcase name="OpenBrowserAndAppUrl" time="0.0" classname="basictestng.Actitime_InvocationCount"/>
  <testcase name="OpenBrowserAndAppUrl" time="0.002" classname="basictestng.Actitime_InvocationCount"/>
  <testcase name="OpenBrowserAndAppUrl" time="0.0" classname="basictestng.Actitime_InvocationCount"/>
  <testcase name="OpenBrowserAndAppUrl" time="0.0" classname="basictestng.Actitime_InvocationCount"/>
  <testcase name="OpenBrowserAndAppUrl" time="0.0" classname="basictestng.Actitime_InvocationCount"/>
  <testcase name="testCase1" time="0.0" classname="basictestng.Example1"/>
  <testcase name="testCase2" time="0.0" classname="basictestng.Example1"/>
  <testcase name="testGoogleLandingPage" time="0.155" classname="basictestng.GoogleApplicationWithBeforeAfterMethod"/>
  <testcase name="testSearch" time="0.0" classname="basictestng.GoogleApplicationWithBeforeAfterMethod">
    <skipped/>
  </testcase> <!-- testSearch -->
  <testcase name="f05" time="0.001" classname="basictestng.AnnotationList"/>
  <testcase name="f5" time="0.001" classname="basictestng.AnnotationList"/>
  <testcase name="OpenBrowserAndAppUrl" time="0.194" classname="basictestng.Actitime_TimeOut"/>
  <testcase name="testCase1" time="0.001" classname="basictestng.FirstTestNGWebScript">
    <failure type="java.lang.Error" message="Unresolved compilation problem: 
	The method cleanUp() is undefined for the type SeleniumUtility
">
      <![CDATA[java.lang.Error: Unresolved compilation problem: 
The method cleanUp() is undefined for the type SeleniumUtility

at basictestng.FirstTestNGWebScript.testCase1(FirstTestNGWebScript.java:31)
... Removed 25 stack frames]]>
    </failure>
  </testcase> <!-- testCase1 -->
  <testcase name="createNewTask" time="0.0" classname="basictestng.ActiTime_Enabled">
    <ignored/>
  </testcase> <!-- createNewTask -->
  <testcase name="login" time="0.0" classname="basictestng.ActiTime_Enabled">
    <ignored/>
  </testcase> <!-- login -->
  <testcase name="logoutClose" time="0.0" classname="basictestng.ActiTime_Enabled">
    <ignored/>
  </testcase> <!-- logoutClose -->
</testsuite> <!-- Test -->
