<?xml version="1.0" encoding="UTF-8"?>
<!-- Generated by org.testng.reporters.JUnitXMLReporter -->
<testsuite hostname="DESKTOP-M01B47M" ignored="2" name="Test(failed)(failed)" tests="3" failures="2" timestamp="12 Jan 2023 15:32:20 GMT" time="78.184" errors="0">
  <testcase name="@BeforeMethod startUp" time="76.918" classname="basictestng.GoogleApplicationWithBeforeAfterMethod">
    <failure type="org.openqa.selenium.WebDriverException" message="unknown error: DevToolsActivePort file doesn&amp;apos;t exist
Build info: version: &amp;apos;3.141.59&amp;apos;, revision: &amp;apos;e82be7d358&amp;apos;, time: &amp;apos;2018-11-14T08:17:03&amp;apos;
System info: host: &amp;apos;DESKTOP-M01B47M&amp;apos;, ip: &amp;apos;192.168.43.164&amp;apos;, os.name: &amp;apos;Windows 10&amp;apos;, os.arch: &amp;apos;amd64&amp;apos;, os.version: &amp;apos;10.0&amp;apos;, java.version: &amp;apos;1.8.0_341&amp;apos;
Driver info: driver.version: ChromeDriver
remote stacktrace: Backtrace:
	(No symbol) [0x0065F243]
	(No symbol) [0x005E7FD1]
	(No symbol) [0x004DD04D]
	(No symbol) [0x004FEAD4]
	(No symbol) [0x004FA7AE]
	(No symbol) [0x004F82E9]
	(No symbol) [0x0052F056]
	(No symbol) [0x0052EB2A]
	(No symbol) [0x00528386]
	(No symbol) [0x0050163C]
	(No symbol) [0x0050269D]
	GetHandleVerifier [0x008F9A22+2655074]
	GetHandleVerifier [0x008ECA24+2601828]
	GetHandleVerifier [0x00708C0A+619850]
	GetHandleVerifier [0x00707830+614768]
	(No symbol) [0x005F05FC]
	(No symbol) [0x005F5968]
	(No symbol) [0x005F5A55]
	(No symbol) [0x0060051B]
	BaseThreadInitThunk [0x76B900F9+25]
	RtlGetAppContainerNamedObjectPath [0x77B37BBE+286]
	RtlGetAppContainerNamedObjectPath [0x77B37B8E+238]
">
      <![CDATA[org.openqa.selenium.WebDriverException: unknown error: DevToolsActivePort file doesn't exist
Build info: version: '3.141.59', revision: 'e82be7d358', time: '2018-11-14T08:17:03'
System info: host: 'DESKTOP-M01B47M', ip: '192.168.43.164', os.name: 'Windows 10', os.arch: 'amd64', os.version: '10.0', java.version: '1.8.0_341'
Driver info: driver.version: ChromeDriver
remote stacktrace: Backtrace:
(No symbol) [0x0065F243]
(No symbol) [0x005E7FD1]
(No symbol) [0x004DD04D]
(No symbol) [0x004FEAD4]
(No symbol) [0x004FA7AE]
(No symbol) [0x004F82E9]
(No symbol) [0x0052F056]
(No symbol) [0x0052EB2A]
(No symbol) [0x00528386]
(No symbol) [0x0050163C]
(No symbol) [0x0050269D]
GetHandleVerifier [0x008F9A22+2655074]
GetHandleVerifier [0x008ECA24+2601828]
GetHandleVerifier [0x00708C0A+619850]
GetHandleVerifier [0x00707830+614768]
(No symbol) [0x005F05FC]
(No symbol) [0x005F5968]
(No symbol) [0x005F5A55]
(No symbol) [0x0060051B]
BaseThreadInitThunk [0x76B900F9+25]
RtlGetAppContainerNamedObjectPath [0x77B37BBE+286]
RtlGetAppContainerNamedObjectPath [0x77B37B8E+238]

at org.openqa.selenium.remote.W3CHandshakeResponse.lambda$errorHandler$0(W3CHandshakeResponse.java:62)
at org.openqa.selenium.remote.HandshakeResponse.lambda$getResponseFunction$0(HandshakeResponse.java:30)
at org.openqa.selenium.remote.ProtocolHandshake.lambda$createSession$0(ProtocolHandshake.java:126)
at java.util.stream.ReferencePipeline$3$1.accept(Unknown Source)
at java.util.Spliterators$ArraySpliterator.tryAdvance(Unknown Source)
at java.util.stream.ReferencePipeline.forEachWithCancel(Unknown Source)
at java.util.stream.AbstractPipeline.copyIntoWithCancel(Unknown Source)
at java.util.stream.AbstractPipeline.copyInto(Unknown Source)
at java.util.stream.AbstractPipeline.wrapAndCopyInto(Unknown Source)
at java.util.stream.FindOps$FindOp.evaluateSequential(Unknown Source)
at java.util.stream.AbstractPipeline.evaluate(Unknown Source)
at java.util.stream.ReferencePipeline.findFirst(Unknown Source)
at org.openqa.selenium.remote.ProtocolHandshake.createSession(ProtocolHandshake.java:128)
at org.openqa.selenium.remote.ProtocolHandshake.createSession(ProtocolHandshake.java:74)
at org.openqa.selenium.remote.HttpCommandExecutor.execute(HttpCommandExecutor.java:136)
at org.openqa.selenium.remote.service.DriverCommandExecutor.execute(DriverCommandExecutor.java:83)
at org.openqa.selenium.remote.RemoteWebDriver.execute(RemoteWebDriver.java:552)
at org.openqa.selenium.remote.RemoteWebDriver.startSession(RemoteWebDriver.java:213)
at org.openqa.selenium.remote.RemoteWebDriver.<init>(RemoteWebDriver.java:131)
at org.openqa.selenium.chrome.ChromeDriver.<init>(ChromeDriver.java:181)
at org.openqa.selenium.chrome.ChromeDriver.<init>(ChromeDriver.java:168)
at org.openqa.selenium.chrome.ChromeDriver.<init>(ChromeDriver.java:123)
at utilities2.SeleniumUtility.setUp(SeleniumUtility.java:45)
at basictestng.GoogleApplicationWithBeforeAfterMethod.startUp(GoogleApplicationWithBeforeAfterMethod.java:16)
... Removed 32 stack frames]]>
    </failure>
  </testcase> <!-- @BeforeMethod startUp -->
  <testcase name="@AfterMethod tearDown" time="0.0" classname="basictestng.GoogleApplicationWithBeforeAfterMethod">
    <skipped/>
  </testcase> <!-- @AfterMethod tearDown -->
  <testcase name="testCase1" time="0.013" classname="basictestng.FirstTestNGWebScript">
    <failure type="java.lang.Error" message="Unresolved compilation problem: 
	The method cleanUp() is undefined for the type SeleniumUtility
">
      <![CDATA[java.lang.Error: Unresolved compilation problem: 
The method cleanUp() is undefined for the type SeleniumUtility

at basictestng.FirstTestNGWebScript.testCase1(FirstTestNGWebScript.java:31)
... Removed 25 stack frames]]>
    </failure>
  </testcase> <!-- testCase1 -->
  <testcase name="executeTimeout" time="1.079" classname="basictestng.Actitime_ExceptionAndTimeOut">
    <failure type="org.testng.internal.thread.ThreadTimeoutException" message="Method basictestng.Actitime_ExceptionAndTimeOut.executeTimeout() didn&amp;apos;t finish within the time-out 1000">
      <![CDATA[org.testng.internal.thread.ThreadTimeoutException: Method basictestng.Actitime_ExceptionAndTimeOut.executeTimeout() didn't finish within the time-out 1000
]]>
    </failure>
  </testcase> <!-- executeTimeout -->
  <testcase name="testSearch" time="0.0" classname="basictestng.GoogleApplicationWithBeforeAfterMethod">
    <skipped/>
  </testcase> <!-- testSearch -->
  <testcase name="testGoogleLandingPage" time="0.0" classname="basictestng.GoogleApplicationWithBeforeAfterMethod">
    <ignored/>
  </testcase> <!-- testGoogleLandingPage -->
  <testcase name="divideByZeroExample" time="0.0" classname="basictestng.Actitime_ExceptionAndTimeOut">
    <ignored/>
  </testcase> <!-- divideByZeroExample -->
</testsuite> <!-- Test(failed)(failed) -->
