<?xml version="1.0" encoding="UTF-8"?>
<!-- Generated by org.testng.reporters.JUnitXMLReporter -->
<testsuite hostname="DESKTOP-M01B47M" ignored="0" name="UnitTestingSuite" tests="6" failures="4" timestamp="13 Jan 2023 09:19:11 GMT" time="106.528" errors="0">
  <testcase name="actitimeLogin" time="98.013" classname="datadriventesting.actitimeLogin">
    <failure type="org.openqa.selenium.TimeoutException" message="Expected condition failed: waiting for title to contain &amp;quot;actitime - Enter Time-Track&amp;quot;. Current title: &amp;quot;actiTIME - Login&amp;quot; (tried for 20 second(s) with 500 milliseconds interval)
Build info: version: &amp;apos;3.141.59&amp;apos;, revision: &amp;apos;e82be7d358&amp;apos;, time: &amp;apos;2018-11-14T08:17:03&amp;apos;
System info: host: &amp;apos;DESKTOP-M01B47M&amp;apos;, ip: &amp;apos;192.168.43.164&amp;apos;, os.name: &amp;apos;Windows 10&amp;apos;, os.arch: &amp;apos;amd64&amp;apos;, os.version: &amp;apos;10.0&amp;apos;, java.version: &amp;apos;1.8.0_341&amp;apos;
Driver info: org.openqa.selenium.chrome.ChromeDriver
Capabilities {acceptInsecureCerts: false, browserName: chrome, browserVersion: 108.0.5359.126, chrome: {chromedriverVersion: 108.0.5359.71 (1e0e3868ee06..., userDataDir: C:\Users\HP\AppData\Local\T...}, goog:chromeOptions: {debuggerAddress: localhost:62572}, javascriptEnabled: true, networkConnectionEnabled: false, pageLoadStrategy: normal, platform: WINDOWS, platformName: WINDOWS, proxy: Proxy(), setWindowRect: true, strictFileInteractability: false, timeouts: {implicit: 0, pageLoad: 300000, script: 30000}, unhandledPromptBehavior: dismiss and notify, webauthn:extension:credBlob: true, webauthn:extension:largeBlob: true, webauthn:virtualAuthenticators: true}
Session ID: dca2a35ebce704a8a8c44dbdae1c1e0b">
      <![CDATA[org.openqa.selenium.TimeoutException: Expected condition failed: waiting for title to contain "actitime - Enter Time-Track". Current title: "actiTIME - Login" (tried for 20 second(s) with 500 milliseconds interval)
Build info: version: '3.141.59', revision: 'e82be7d358', time: '2018-11-14T08:17:03'
System info: host: 'DESKTOP-M01B47M', ip: '192.168.43.164', os.name: 'Windows 10', os.arch: 'amd64', os.version: '10.0', java.version: '1.8.0_341'
Driver info: org.openqa.selenium.chrome.ChromeDriver
Capabilities {acceptInsecureCerts: false, browserName: chrome, browserVersion: 108.0.5359.126, chrome: {chromedriverVersion: 108.0.5359.71 (1e0e3868ee06..., userDataDir: C:\Users\HP\AppData\Local\T...}, goog:chromeOptions: {debuggerAddress: localhost:62572}, javascriptEnabled: true, networkConnectionEnabled: false, pageLoadStrategy: normal, platform: WINDOWS, platformName: WINDOWS, proxy: Proxy(), setWindowRect: true, strictFileInteractability: false, timeouts: {implicit: 0, pageLoad: 300000, script: 30000}, unhandledPromptBehavior: dismiss and notify, webauthn:extension:credBlob: true, webauthn:extension:largeBlob: true, webauthn:virtualAuthenticators: true}
Session ID: dca2a35ebce704a8a8c44dbdae1c1e0b
at org.openqa.selenium.support.ui.WebDriverWait.timeoutException(WebDriverWait.java:95)
at org.openqa.selenium.support.ui.FluentWait.until(FluentWait.java:272)
at utilities2.SeleniumUtility.getPageTitle(SeleniumUtility.java:184)
at datadriventesting.actitimeLogin.actitimeLogin(actitimeLogin.java:36)
... Removed 25 stack frames]]>
    </failure>
  </testcase> <!-- actitimeLogin -->
  <testcase name="updateCellDetails" time="3.593" classname="datadriventesting.ExcelUpdate"/>
  <testcase name="updateSheetDetails" time="1.76" classname="datadriventesting.ExcelUpdate"/>
  <testcase name="readDifferentTypeOfDataFromExcel" time="0.031" classname="datadriventesting.ReadExcel">
    <failure type="java.io.FileNotFoundException" message="F:\Accleration\PROGRAMS\Eclipse\MavenProgramBasics\AppData\TestData.XLSX (The system cannot find the file specified)">
      <![CDATA[java.io.FileNotFoundException: F:\Accleration\PROGRAMS\Eclipse\MavenProgramBasics\AppData\TestData.XLSX (The system cannot find the file specified)
at java.io.FileInputStream.open0(Native Method)
at java.io.FileInputStream.open(Unknown Source)
at java.io.FileInputStream.<init>(Unknown Source)
at java.io.FileInputStream.<init>(Unknown Source)
at datadriventesting.ReadExcel.readDifferentTypeOfDataFromExcel(ReadExcel.java:88)
... Removed 25 stack frames]]>
    </failure>
  </testcase> <!-- readDifferentTypeOfDataFromExcel -->
  <testcase name="rowOps" time="0.003" classname="datadriventesting.ReadExcel">
    <failure type="java.io.FileNotFoundException" message="F:\Accleration\PROGRAMS\Eclipse\MavenProgramBasics\AppData\TestData.XLSX (The system cannot find the file specified)">
      <![CDATA[java.io.FileNotFoundException: F:\Accleration\PROGRAMS\Eclipse\MavenProgramBasics\AppData\TestData.XLSX (The system cannot find the file specified)
at java.io.FileInputStream.open0(Native Method)
at java.io.FileInputStream.open(Unknown Source)
at java.io.FileInputStream.<init>(Unknown Source)
at java.io.FileInputStream.<init>(Unknown Source)
at datadriventesting.ReadExcel.rowOps(ReadExcel.java:55)
... Removed 25 stack frames]]>
    </failure>
  </testcase> <!-- rowOps -->
  <testcase name="sheetOperation" time="0.004" classname="datadriventesting.ReadExcel">
    <failure type="java.io.FileNotFoundException" message="F:\Accleration\PROGRAMS\Eclipse\MavenProgramBasics\AppData\TestData.XLSX (The system cannot find the file specified)">
      <![CDATA[java.io.FileNotFoundException: F:\Accleration\PROGRAMS\Eclipse\MavenProgramBasics\AppData\TestData.XLSX (The system cannot find the file specified)
at java.io.FileInputStream.open0(Native Method)
at java.io.FileInputStream.open(Unknown Source)
at java.io.FileInputStream.<init>(Unknown Source)
at java.io.FileInputStream.<init>(Unknown Source)
at datadriventesting.ReadExcel.sheetOperation(ReadExcel.java:27)
... Removed 25 stack frames]]>
    </failure>
  </testcase> <!-- sheetOperation -->
</testsuite> <!-- UnitTestingSuite -->
